Some containers are not running. Sending email notification...
Some containers are not running. Sending email notification...
Some containers are not running. Sending email notification...
Some containers are not running. Sending email notification...
Some containers are not running. Sending email notification...
Some containers are not running. Sending email notification...
Date:  > Some containers are not running. Sending email notification...
Date:  > Some containers are not running. Sending email notification...
Date:  > Some containers are not running. Sending email notification...
Date:  > Some containers are not running. Sending email notification...
Date: Tue May 28 18:41:01 +06 2024 > Some containers are not running. Sending email notification...
Date: Tue May 28 18:42:01 +06 2024 > Some containers are not running. Sending email notification...
Date: Tue May 28 18:43:01 +06 2024 > Some containers are not running. Sending email notification...
Tue May 28 18:49:01 +06 2024 : Some containers are not running. Sending email notification...
Tue May 28 18:50:01 +06 2024 : Some containers are not running. Sending email notification...
Tue May 28 18:51:01 +06 2024 : Some containers are not running. Sending email notification...
Tue May 28 18:52:02 +06 2024 : Some containers are not running. Sending email notification...
Tue May 28 18:53:01 +06 2024 : Some containers are not running. Sending email notification...
Tue May 28 18:54:01 +06 2024 : Some containers are not running. Sending email notification...
Wed Jun  5 16:00:03 +06 2024 : Some containers are not running. Sending email notification...
Thu Jun  6 16:00:04 +06 2024 : Some containers are not running. Sending email notification...
Fri Jun  7 16:00:03 +06 2024 : Some containers are not running. Sending email notification...
